Godot Engine v4.5.stable.official.876b29033 - https://godotengine.org
Vulkan 1.3.255 - Forward+ - Using Device #0: Unknown - llvmpipe (LLVM 15.0.7, 256 bits)

SCRIPT ERROR: Parse Error: Unexpected "?" in source. If you want a ternary operator, use "truthy_value if true_condition else falsy_value".
          at: GDScript::reload (res://game/scripts/Logger.gd:107)
ERROR: Failed to load script "res://game/scripts/Logger.gd" with error "Parse error".
   at: load (modules/gdscript/gdscript.cpp:3041)
ERROR: Failed to instantiate an autoload, script 'res://game/scripts/Logger.gd' does not inherit from 'Node'.
   at: start (main/main.cpp:4335)
SCRIPT ERROR: Parse Error: The function signature doesn't match the parent. Parent signature is "get(StringName) -> Variant".
          at: GDScript::reload (res://game/scripts/Strings.gd:26)
SCRIPT ERROR: Parse Error: The method "get()" overrides a method from native class "Object". This won't be called by the engine and may not work as expected. (Warning treated as error.)
          at: GDScript::reload (res://game/scripts/Strings.gd:26)
ERROR: Failed to load script "res://game/scripts/Strings.gd" with error "Parse error".
   at: load (modules/gdscript/gdscript.cpp:3041)
ERROR: Failed to instantiate an autoload, script 'res://game/scripts/Strings.gd' does not inherit from 'Node'.
   at: start (main/main.cpp:4335)
SCRIPT ERROR: Parse Error: Invalid cast. Cannot convert from "Node" to "Logger".
          at: GDScript::reload (res://game/scripts/Balance.gd:118)
SCRIPT ERROR: Parse Error: Invalid cast. Cannot convert from "Node" to "Logger".
          at: GDScript::reload (res://game/scripts/Balance.gd:123)
ERROR: Failed to load script "res://game/scripts/Balance.gd" with error "Parse error".
   at: load (modules/gdscript/gdscript.cpp:3041)
SCRIPT ERROR: Parse Error: Could not find type "Balance" in the current scope.
          at: GDScript::reload (res://game/scripts/Research.gd:15)
SCRIPT ERROR: Parse Error: Could not find type "Balance" in the current scope.
          at: GDScript::reload (res://game/scripts/Research.gd:17)
SCRIPT ERROR: Parse Error: Invalid cast. Cannot convert from "Node" to "Logger".
          at: GDScript::reload (res://game/scripts/Research.gd:80)
ERROR: Failed to load script "res://game/scripts/Research.gd" with error "Parse error".
   at: load (modules/gdscript/gdscript.cpp:3041)
SCRIPT ERROR: Parse Error: Could not find type "Balance" in the current scope.
          at: GDScript::reload (res://game/scripts/Economy.gd:23)
SCRIPT ERROR: Parse Error: Could not find type "Research" in the current scope.
          at: GDScript::reload (res://game/scripts/Economy.gd:24)
SCRIPT ERROR: Parse Error: Could not find type "Balance" in the current scope.
          at: GDScript::reload (res://game/scripts/Economy.gd:29)
SCRIPT ERROR: Parse Error: Could not find type "Research" in the current scope.
          at: GDScript::reload (res://game/scripts/Economy.gd:29)
SCRIPT ERROR: Parse Error: Invalid cast. Cannot convert from "Node" to "Logger".
          at: GDScript::reload (res://game/scripts/Economy.gd:319)
ERROR: Failed to load script "res://game/scripts/Economy.gd" with error "Parse error".
   at: load (modules/gdscript/gdscript.cpp:3041)
SCRIPT ERROR: Parse Error: Could not find type "Economy" in the current scope.
          at: GDScript::reload (res://game/scripts/Save.gd:6)
SCRIPT ERROR: Parse Error: Could not find type "Research" in the current scope.
          at: GDScript::reload (res://game/scripts/Save.gd:7)
SCRIPT ERROR: Parse Error: Could not find type "Economy" in the current scope.
          at: GDScript::reload (res://game/scripts/Save.gd:9)
SCRIPT ERROR: Parse Error: Could not find type "Research" in the current scope.
          at: GDScript::reload (res://game/scripts/Save.gd:9)
SCRIPT ERROR: Parse Error: Cannot infer the type of "grant" variable because the value doesn't have a set type.
          at: GDScript::reload (res://game/scripts/Save.gd:152)
SCRIPT ERROR: Parse Error: Invalid cast. Cannot convert from "Node" to "Logger".
          at: GDScript::reload (res://game/scripts/Save.gd:179)
SCRIPT ERROR: Parse Error: The variable type is being inferred from a Variant value, so it will be typed as Variant. (Warning treated as error.)
          at: GDScript::reload (res://game/scripts/Save.gd:56)
SCRIPT ERROR: Parse Error: The variable type is being inferred from a Variant value, so it will be typed as Variant. (Warning treated as error.)
          at: GDScript::reload (res://game/scripts/Save.gd:67)
SCRIPT ERROR: Parse Error: The variable type is being inferred from a Variant value, so it will be typed as Variant. (Warning treated as error.)
          at: GDScript::reload (res://game/scripts/Save.gd:72)
SCRIPT ERROR: Parse Error: The variable type is being inferred from a Variant value, so it will be typed as Variant. (Warning treated as error.)
          at: GDScript::reload (res://game/scripts/Save.gd:77)
SCRIPT ERROR: Parse Error: The variable type is being inferred from a Variant value, so it will be typed as Variant. (Warning treated as error.)
          at: GDScript::reload (res://game/scripts/Save.gd:83)
SCRIPT ERROR: Parse Error: The variable type is being inferred from a Variant value, so it will be typed as Variant. (Warning treated as error.)
          at: GDScript::reload (res://game/scripts/Save.gd:85)
SCRIPT ERROR: Parse Error: The variable type is being inferred from a Variant value, so it will be typed as Variant. (Warning treated as error.)
          at: GDScript::reload (res://game/scripts/Save.gd:141)
SCRIPT ERROR: Parse Error: The variable type is being inferred from a Variant value, so it will be typed as Variant. (Warning treated as error.)
          at: GDScript::reload (res://game/scripts/Save.gd:144)
SCRIPT ERROR: Parse Error: The variable type is being inferred from a Variant value, so it will be typed as Variant. (Warning treated as error.)
          at: GDScript::reload (res://game/scripts/Save.gd:145)
ERROR: Failed to load script "res://game/scripts/Save.gd" with error "Parse error".
   at: load (modules/gdscript/gdscript.cpp:3041)
SCRIPT ERROR: Parse Error: The variable type is being inferred from a Variant value, so it will be typed as Variant. (Warning treated as error.)
          at: GDScript::reload (res://game/scripts/SettingsPanel.gd:39)
SCRIPT ERROR: Parse Error: The variable type is being inferred from a Variant value, so it will be typed as Variant. (Warning treated as error.)
          at: GDScript::reload (res://game/scripts/SettingsPanel.gd:66)
SCRIPT ERROR: Parse Error: The variable type is being inferred from a Variant value, so it will be typed as Variant. (Warning treated as error.)
          at: GDScript::reload (res://game/scripts/SettingsPanel.gd:67)
SCRIPT ERROR: Parse Error: The variable type is being inferred from a Variant value, so it will be typed as Variant. (Warning treated as error.)
          at: GDScript::reload (res://game/scripts/SettingsPanel.gd:77)
ERROR: Failed to load script "res://game/scripts/SettingsPanel.gd" with error "Parse error".
   at: load (modules/gdscript/gdscript.cpp:3041)
SCRIPT ERROR: Parse Error: Could not find type "Economy" in the current scope.
          at: GDScript::reload (res://game/scripts/DebugOverlay.gd:8)
SCRIPT ERROR: Parse Error: Could not find type "Research" in the current scope.
          at: GDScript::reload (res://game/scripts/DebugOverlay.gd:9)
SCRIPT ERROR: Parse Error: Could not find type "Save" in the current scope.
          at: GDScript::reload (res://game/scripts/DebugOverlay.gd:10)
SCRIPT ERROR: Parse Error: Could not find type "Balance" in the current scope.
          at: GDScript::reload (res://game/scripts/DebugOverlay.gd:11)
SCRIPT ERROR: Parse Error: Could not find type "Economy" in the current scope.
          at: GDScript::reload (res://game/scripts/DebugOverlay.gd:14)
SCRIPT ERROR: Parse Error: Could not find type "Research" in the current scope.
          at: GDScript::reload (res://game/scripts/DebugOverlay.gd:14)
SCRIPT ERROR: Parse Error: Could not find type "Save" in the current scope.
          at: GDScript::reload (res://game/scripts/DebugOverlay.gd:14)
SCRIPT ERROR: Parse Error: Could not find type "Balance" in the current scope.
          at: GDScript::reload (res://game/scripts/DebugOverlay.gd:14)
SCRIPT ERROR: Parse Error: Invalid cast. Cannot convert from "Node" to "Logger".
          at: GDScript::reload (res://game/scripts/DebugOverlay.gd:41)
SCRIPT ERROR: Parse Error: Cannot infer the type of "save_hash" variable because the value doesn't have a set type.
          at: GDScript::reload (res://game/scripts/DebugOverlay.gd:44)
SCRIPT ERROR: Parse Error: Cannot infer the type of "capacity" variable because the value doesn't have a set type.
          at: GDScript::reload (res://game/scripts/DebugOverlay.gd:45)
SCRIPT ERROR: Parse Error: Cannot infer the type of "soft_value" variable because the value doesn't have a set type.
          at: GDScript::reload (res://game/scripts/DebugOverlay.gd:46)
SCRIPT ERROR: Parse Error: Cannot infer the type of "cooldown_left" variable because the value doesn't have a set type.
          at: GDScript::reload (res://game/scripts/DebugOverlay.gd:47)
SCRIPT ERROR: Parse Error: Cannot infer the type of "cooldown_total" variable because the value doesn't have a set type.
          at: GDScript::reload (res://game/scripts/DebugOverlay.gd:48)
SCRIPT ERROR: Parse Error: Cannot infer the type of "research_mult" variable because the value doesn't have a set type.
          at: GDScript::reload (res://game/scripts/DebugOverlay.gd:49)
ERROR: Failed to load script "res://game/scripts/DebugOverlay.gd" with error "Parse error".
   at: load (modules/gdscript/gdscript.cpp:3041)
SCRIPT ERROR: Parse Error: Could not find type "Balance" in the current scope.
          at: GDScript::reload (res://game/scripts/Main.gd:6)
SCRIPT ERROR: Parse Error: Could not find type "Research" in the current scope.
          at: GDScript::reload (res://game/scripts/Main.gd:7)
SCRIPT ERROR: Parse Error: Could not find type "Economy" in the current scope.
          at: GDScript::reload (res://game/scripts/Main.gd:8)
SCRIPT ERROR: Parse Error: Could not find type "Save" in the current scope.
          at: GDScript::reload (res://game/scripts/Main.gd:9)
SCRIPT ERROR: Parse Error: Could not find type "SettingsPanel" in the current scope.
          at: GDScript::reload (res://game/scripts/Main.gd:41)
SCRIPT ERROR: Parse Error: Cannot infer the type of "offline_gain" variable because the value doesn't have a set type.
          at: GDScript::reload (res://game/scripts/Main.gd:95)
SCRIPT ERROR: Parse Error: Cannot infer the type of "capacity" variable because the value doesn't have a set type.
          at: GDScript::reload (res://game/scripts/Main.gd:111)
SCRIPT ERROR: Parse Error: Cannot infer the type of "capacity" variable because the value doesn't have a set type.
          at: GDScript::reload (res://game/scripts/Main.gd:165)
SCRIPT ERROR: Parse Error: Cannot infer the type of "next" variable because the value doesn't have a set type.
          at: GDScript::reload (res://game/scripts/Main.gd:177)
SCRIPT ERROR: Parse Error: Cannot infer the type of "name" variable because the value doesn't have a set type.
          at: GDScript::reload (res://game/scripts/Main.gd:190)
SCRIPT ERROR: Parse Error: Cannot infer the type of "next_cost" variable because the value doesn't have a set type.
          at: GDScript::reload (res://game/scripts/Main.gd:193)
SCRIPT ERROR: Parse Error: Cannot infer the type of "next_name" variable because the value doesn't have a set type.
          at: GDScript::reload (res://game/scripts/Main.gd:194)
SCRIPT ERROR: Parse Error: Cannot infer the type of "prod_cost" variable because the value doesn't have a set type.
          at: GDScript::reload (res://game/scripts/Main.gd:210)
SCRIPT ERROR: Parse Error: Cannot infer the type of "cap_cost" variable because the value doesn't have a set type.
          at: GDScript::reload (res://game/scripts/Main.gd:211)
SCRIPT ERROR: Parse Error: Cannot infer the type of "auto_cost" variable because the value doesn't have a set type.
          at: GDScript::reload (res://game/scripts/Main.gd:212)
SCRIPT ERROR: Parse Error: Cannot infer the type of "auto_allowed" variable because the value doesn't have a set type.
          at: GDScript::reload (res://game/scripts/Main.gd:215)
SCRIPT ERROR: Parse Error: Cannot infer the type of "auto_requires" variable because the value doesn't have a set type.
          at: GDScript::reload (res://game/scripts/Main.gd:218)
SCRIPT ERROR: Parse Error: Cannot infer the type of "parts" variable because the value doesn't have a set type.
          at: GDScript::reload (res://game/scripts/Main.gd:221)
SCRIPT ERROR: Parse Error: Cannot infer the type of "stage" variable because the value doesn't have a set type.
          at: GDScript::reload (res://game/scripts/Main.gd:224)
SCRIPT ERROR: Parse Error: Identifier "stage" not declared in the current scope.
          at: GDScript::reload (res://game/scripts/Main.gd:225)
SCRIPT ERROR: Parse Error: Identifier "stage" not declared in the current scope.
          at: GDScript::reload (res://game/scripts/Main.gd:226)
SCRIPT ERROR: Parse Error: Cannot infer the type of "gained" variable because the value doesn't have a set type.
          at: GDScript::reload (res://game/scripts/Main.gd:278)
SCRIPT ERROR: Parse Error: Cannot infer the type of "node" variable because the value doesn't have a set type.
          at: GDScript::reload (res://game/scripts/Main.gd:296)
SCRIPT ERROR: Parse Error: Cannot infer the type of "upgrades" variable because the value doesn't have a set type.
          at: GDScript::reload (res://game/scripts/Main.gd:327)
SCRIPT ERROR: Parse Error: Invalid cast. Cannot convert from "Node" to "Logger".
          at: GDScript::reload (res://game/scripts/Main.gd:378)
SCRIPT ERROR: Parse Error: The variable type is being inferred from a Variant value, so it will be typed as Variant. (Warning treated as error.)
          at: GDScript::reload (res://game/scripts/Main.gd:121)
SCRIPT ERROR: Parse Error: The variable type is being inferred from a Variant value, so it will be typed as Variant. (Warning treated as error.)
          at: GDScript::reload (res://game/scripts/Main.gd:199)
SCRIPT ERROR: Parse Error: The variable type is being inferred from a Variant value, so it will be typed as Variant. (Warning treated as error.)
          at: GDScript::reload (res://game/scripts/Main.gd:250)
SCRIPT ERROR: Parse Error: The variable type is being inferred from a Variant value, so it will be typed as Variant. (Warning treated as error.)
          at: GDScript::reload (res://game/scripts/Main.gd:288)
ERROR: Failed to load script "res://game/scripts/Main.gd" with error "Parse error".
   at: load (modules/gdscript/gdscript.cpp:3041)
