Godot Engine v4.5.stable.official.876b29033 - https://godotengine.org
Vulkan 1.3.255 - Forward+ - Using Device #0: Unknown - llvmpipe (LLVM 15.0.7, 256 bits)

SCRIPT ERROR: Parse Error: Used space character for indentation instead of tab as used before in the file.
          at: GDScript::reload (res://game/scripts/Logger.gd:67)
ERROR: Failed to load script "res://game/scripts/Logger.gd" with error "Parse error".
   at: load (modules/gdscript/gdscript.cpp:3041)
ERROR: Failed to instantiate an autoload, script 'res://game/scripts/Logger.gd' does not inherit from 'Node'.
   at: start (main/main.cpp:4335)
SCRIPT ERROR: Parse Error: Unexpected "**" in class body.
          at: GDScript::reload (res://game/scripts/Strings.gd:29)
ERROR: Failed to load script "res://game/scripts/Strings.gd" with error "Parse error".
   at: load (modules/gdscript/gdscript.cpp:3041)
ERROR: Failed to instantiate an autoload, script 'res://game/scripts/Strings.gd' does not inherit from 'Node'.
   at: start (main/main.cpp:4335)
SCRIPT ERROR: Parse Error: "class_name" can only be used once.
          at: GDScript::reload (res://game/scripts/Balance.gd:3)
ERROR: Failed to load script "res://game/scripts/Balance.gd" with error "Parse error".
   at: load (modules/gdscript/gdscript.cpp:3041)
SCRIPT ERROR: Parse Error: Could not find type "Balance" in the current scope.
          at: GDScript::reload (res://game/scripts/Research.gd:15)
SCRIPT ERROR: Parse Error: Could not find type "Balance" in the current scope.
          at: GDScript::reload (res://game/scripts/Research.gd:17)
SCRIPT ERROR: Parse Error: Cannot infer the type of "node" variable because the value doesn't have a set type.
          at: GDScript::reload (res://game/scripts/Research.gd:26)
SCRIPT ERROR: Parse Error: Cannot infer the type of "prereq" variable because the value doesn't have a set type.
          at: GDScript::reload (res://game/scripts/Research.gd:27)
SCRIPT ERROR: Parse Error: Cannot infer the type of "node" variable because the value doesn't have a set type.
          at: GDScript::reload (res://game/scripts/Research.gd:35)
SCRIPT ERROR: Parse Error: The variable type is being inferred from a Variant value, so it will be typed as Variant. (Warning treated as error.)
          at: GDScript::reload (res://game/scripts/Research.gd:51)
ERROR: Failed to load script "res://game/scripts/Research.gd" with error "Parse error".
   at: load (modules/gdscript/gdscript.cpp:3041)
SCRIPT ERROR: Parse Error: Could not find type "Balance" in the current scope.
          at: GDScript::reload (res://game/scripts/Economy.gd:23)
SCRIPT ERROR: Parse Error: Could not find type "Research" in the current scope.
          at: GDScript::reload (res://game/scripts/Economy.gd:24)
SCRIPT ERROR: Parse Error: Could not find type "Balance" in the current scope.
          at: GDScript::reload (res://game/scripts/Economy.gd:29)
SCRIPT ERROR: Parse Error: Could not find type "Research" in the current scope.
          at: GDScript::reload (res://game/scripts/Economy.gd:29)
SCRIPT ERROR: Parse Error: The variable type is being inferred from a Variant value, so it will be typed as Variant. (Warning treated as error.)
          at: GDScript::reload (res://game/scripts/Economy.gd:192)
SCRIPT ERROR: Parse Error: The variable type is being inferred from a Variant value, so it will be typed as Variant. (Warning treated as error.)
          at: GDScript::reload (res://game/scripts/Economy.gd:307)
ERROR: Failed to load script "res://game/scripts/Economy.gd" with error "Parse error".
   at: load (modules/gdscript/gdscript.cpp:3041)
SCRIPT ERROR: Parse Error: "class_name" can only be used once.
          at: GDScript::reload (res://game/scripts/Save.gd:3)
ERROR: Failed to load script "res://game/scripts/Save.gd" with error "Parse error".
   at: load (modules/gdscript/gdscript.cpp:3041)
SCRIPT ERROR: Parse Error: Unindent doesn't match the previous indentation level.
          at: GDScript::reload (res://game/scripts/Main.gd:76)
ERROR: Failed to load script "res://game/scripts/Main.gd" with error "Parse error".
   at: load (modules/gdscript/gdscript.cpp:3041)
