Godot Engine v4.5.stable.official.876b29033 - https://godotengine.org
Vulkan 1.3.255 - Forward+ - Using Device #0: Unknown - llvmpipe (LLVM 15.0.7, 256 bits)

SCRIPT ERROR: Parse Error: Class "Config" hides an autoload singleton.
          at: GDScript::reload (res://game/scripts/Config.gd:2)
SCRIPT ERROR: Parse Error: Static function "info()" not found in base "GDScriptNativeClass".
          at: GDScript::reload (res://game/scripts/Config.gd:13)
SCRIPT ERROR: Parse Error: Static function "info()" not found in base "GDScriptNativeClass".
          at: GDScript::reload (res://game/scripts/Config.gd:17)
ERROR: Failed to load script "res://game/scripts/Config.gd" with error "Parse error".
   at: load (modules/gdscript/gdscript.cpp:3041)
ERROR: Failed to instantiate an autoload, script 'res://game/scripts/Config.gd' does not inherit from 'Node'.
   at: start (main/main.cpp:4335)
SCRIPT ERROR: Parse Error: Class "Logger" hides a native class.
          at: GDScript::reload (res://game/scripts/Logger.gd:2)
SCRIPT ERROR: Parse Error: Static function "get_stack_trace()" not found in base "GDScriptNativeClass".
          at: GDScript::reload (res://game/scripts/Logger.gd:36)
SCRIPT ERROR: Parse Error: Cannot infer the type of "stack" variable because the value doesn't have a set type.
          at: GDScript::reload (res://game/scripts/Logger.gd:36)
SCRIPT ERROR: Parse Error: Too many arguments for "log()" call. Expected at most 1 but received 4.
          at: GDScript::reload (res://game/scripts/Logger.gd:46)
SCRIPT ERROR: Parse Error: Cannot pass a value of type "String" as "float".
          at: GDScript::reload (res://game/scripts/Logger.gd:46)
SCRIPT ERROR: Parse Error: Invalid argument for "log()" function: argument 1 should be "float" but is "String".
          at: GDScript::reload (res://game/scripts/Logger.gd:46)
SCRIPT ERROR: Parse Error: Static function "get_file_len()" not found in base "GDScriptNativeClass".
          at: GDScript::reload (res://game/scripts/Logger.gd:67)
SCRIPT ERROR: Parse Error: Cannot infer the type of "size" variable because the value doesn't have a set type.
          at: GDScript::reload (res://game/scripts/Logger.gd:67)
SCRIPT ERROR: Parse Error: Cannot infer the type of "value" variable because the value doesn't have a set type.
          at: GDScript::reload (res://game/scripts/Logger.gd:106)
SCRIPT ERROR: Parse Error: Cannot find member "join" in base "Array[String]".
          at: GDScript::reload (res://game/scripts/Logger.gd:109)
SCRIPT ERROR: Parse Error: Function "join()" not found in base Array[String].
          at: GDScript::reload (res://game/scripts/Logger.gd:109)
SCRIPT ERROR: Parse Error: Cannot infer the type of "detail" variable because the value doesn't have a set type.
          at: GDScript::reload (res://game/scripts/Logger.gd:109)
SCRIPT ERROR: Parse Error: Too many arguments for "log()" call. Expected at most 1 but received 4.
          at: GDScript::reload (res://game/scripts/Logger.gd:118)
SCRIPT ERROR: Parse Error: Cannot pass a value of type "String" as "float".
          at: GDScript::reload (res://game/scripts/Logger.gd:118)
SCRIPT ERROR: Parse Error: Invalid argument for "log()" function: argument 1 should be "float" but is "String".
          at: GDScript::reload (res://game/scripts/Logger.gd:118)
SCRIPT ERROR: Parse Error: Too many arguments for "log()" call. Expected at most 1 but received 4.
          at: GDScript::reload (res://game/scripts/Logger.gd:121)
SCRIPT ERROR: Parse Error: Cannot pass a value of type "String" as "float".
          at: GDScript::reload (res://game/scripts/Logger.gd:121)
SCRIPT ERROR: Parse Error: Invalid argument for "log()" function: argument 1 should be "float" but is "String".
          at: GDScript::reload (res://game/scripts/Logger.gd:121)
SCRIPT ERROR: Parse Error: Too many arguments for "log()" call. Expected at most 1 but received 4.
          at: GDScript::reload (res://game/scripts/Logger.gd:124)
SCRIPT ERROR: Parse Error: Cannot pass a value of type "String" as "float".
          at: GDScript::reload (res://game/scripts/Logger.gd:124)
SCRIPT ERROR: Parse Error: Invalid argument for "log()" function: argument 1 should be "float" but is "String".
          at: GDScript::reload (res://game/scripts/Logger.gd:124)
SCRIPT ERROR: Parse Error: Too many arguments for "log()" call. Expected at most 1 but received 4.
          at: GDScript::reload (res://game/scripts/Logger.gd:127)
SCRIPT ERROR: Parse Error: Cannot pass a value of type "String" as "float".
          at: GDScript::reload (res://game/scripts/Logger.gd:127)
SCRIPT ERROR: Parse Error: Invalid argument for "log()" function: argument 1 should be "float" but is "String".
          at: GDScript::reload (res://game/scripts/Logger.gd:127)
SCRIPT ERROR: Parse Error: Cannot find member "join" in base "Array".
          at: GDScript::reload (res://game/scripts/Logger.gd:159)
SCRIPT ERROR: Parse Error: Function "join()" not found in base Array.
          at: GDScript::reload (res://game/scripts/Logger.gd:159)
SCRIPT ERROR: Parse Error: Cannot infer the type of "payload" variable because the value doesn't have a set type.
          at: GDScript::reload (res://game/scripts/Logger.gd:159)
SCRIPT ERROR: Parse Error: The variable type is being inferred from a Variant value, so it will be typed as Variant. (Warning treated as error.)
          at: GDScript::reload (res://game/scripts/Logger.gd:88)
SCRIPT ERROR: Parse Error: The variable type is being inferred from a Variant value, so it will be typed as Variant. (Warning treated as error.)
          at: GDScript::reload (res://game/scripts/Logger.gd:132)
ERROR: Failed to load script "res://game/scripts/Logger.gd" with error "Parse error".
   at: load (modules/gdscript/gdscript.cpp:3041)
ERROR: Failed to instantiate an autoload, script 'res://game/scripts/Logger.gd' does not inherit from 'Node'.
   at: start (main/main.cpp:4335)
SCRIPT ERROR: Parse Error: Class "Strings" hides an autoload singleton.
          at: GDScript::reload (res://game/scripts/Strings.gd:2)
SCRIPT ERROR: Parse Error: The function signature doesn't match the parent. Parent signature is "get(StringName) -> Variant".
          at: GDScript::reload (res://game/scripts/Strings.gd:38)
SCRIPT ERROR: Parse Error: Static function "warn()" not found in base "GDScriptNativeClass".
          at: GDScript::reload (res://game/scripts/Strings.gd:18)
SCRIPT ERROR: Parse Error: Cannot find member "join" in base "PackedStringArray".
          at: GDScript::reload (res://game/scripts/Strings.gd:28)
SCRIPT ERROR: Parse Error: Function "join()" not found in base PackedStringArray.
          at: GDScript::reload (res://game/scripts/Strings.gd:28)
SCRIPT ERROR: Parse Error: Cannot infer the type of "value" variable because the value doesn't have a set type.
          at: GDScript::reload (res://game/scripts/Strings.gd:28)
SCRIPT ERROR: Parse Error: Static function "hash_md5_from_file()" not found in base "GDScriptNativeClass".
          at: GDScript::reload (res://game/scripts/Strings.gd:34)
SCRIPT ERROR: Parse Error: Static function "info()" not found in base "GDScriptNativeClass".
          at: GDScript::reload (res://game/scripts/Strings.gd:32)
SCRIPT ERROR: Parse Error: The method "get()" overrides a method from native class "Object". This won't be called by the engine and may not work as expected. (Warning treated as error.)
          at: GDScript::reload (res://game/scripts/Strings.gd:38)
ERROR: Failed to load script "res://game/scripts/Strings.gd" with error "Parse error".
   at: load (modules/gdscript/gdscript.cpp:3041)
ERROR: Failed to instantiate an autoload, script 'res://game/scripts/Strings.gd' does not inherit from 'Node'.
   at: start (main/main.cpp:4335)
SCRIPT ERROR: Parse Error: Static function "get_stack_trace()" not found in base "GDScriptNativeClass".
          at: GDScript::reload (res://game/scripts/Balance.gd:29)
SCRIPT ERROR: Parse Error: Cannot infer the type of "stack" variable because the value doesn't have a set type.
          at: GDScript::reload (res://game/scripts/Balance.gd:29)
SCRIPT ERROR: Parse Error: Cannot infer the type of "stack_text" variable because the value doesn't have a set type.
          at: GDScript::reload (res://game/scripts/Balance.gd:30)
SCRIPT ERROR: Parse Error: Static function "error()" not found in base "GDScriptNativeClass".
          at: GDScript::reload (res://game/scripts/Balance.gd:31)
SCRIPT ERROR: Parse Error: Static function "hash_md5_from_file()" not found in base "GDScriptNativeClass".
          at: GDScript::reload (res://game/scripts/Balance.gd:98)
SCRIPT ERROR: Parse Error: Cannot infer the type of "md5" variable because the value doesn't have a set type.
          at: GDScript::reload (res://game/scripts/Balance.gd:98)
SCRIPT ERROR: Parse Error: Static function "info()" not found in base "GDScriptNativeClass".
          at: GDScript::reload (res://game/scripts/Balance.gd:99)
ERROR: Failed to load script "res://game/scripts/Balance.gd" with error "Parse error".
   at: load (modules/gdscript/gdscript.cpp:3041)
SCRIPT ERROR: Parse Error: Unindent doesn't match the previous indentation level.
          at: GDScript::reload (res://game/scripts/Research.gd:23)
ERROR: Failed to load script "res://game/scripts/Research.gd" with error "Parse error".
   at: load (modules/gdscript/gdscript.cpp:3041)
SCRIPT ERROR: Parse Error: Could not find type "Balance" in the current scope.
          at: GDScript::reload (res://game/scripts/Economy.gd:23)
SCRIPT ERROR: Parse Error: Could not find type "Research" in the current scope.
          at: GDScript::reload (res://game/scripts/Economy.gd:24)
SCRIPT ERROR: Parse Error: Could not find type "Balance" in the current scope.
          at: GDScript::reload (res://game/scripts/Economy.gd:29)
SCRIPT ERROR: Parse Error: Could not find type "Research" in the current scope.
          at: GDScript::reload (res://game/scripts/Economy.gd:29)
SCRIPT ERROR: Parse Error: Cannot infer the type of "row" variable because the value doesn't have a set type.
          at: GDScript::reload (res://game/scripts/Economy.gd:90)
SCRIPT ERROR: Parse Error: Static function "info()" not found in base "GDScriptNativeClass".
          at: GDScript::reload (res://game/scripts/Economy.gd:98)
SCRIPT ERROR: Parse Error: Cannot infer the type of "cost" variable because the value doesn't have a set type.
          at: GDScript::reload (res://game/scripts/Economy.gd:113)
SCRIPT ERROR: Parse Error: Static function "info()" not found in base "GDScriptNativeClass".
          at: GDScript::reload (res://game/scripts/Economy.gd:120)
SCRIPT ERROR: Parse Error: Cannot infer the type of "P0" variable because the value doesn't have a set type.
          at: GDScript::reload (res://game/scripts/Economy.gd:131)
SCRIPT ERROR: Parse Error: Cannot infer the type of "burst_mult" variable because the value doesn't have a set type.
          at: GDScript::reload (res://game/scripts/Economy.gd:132)
SCRIPT ERROR: Parse Error: Cannot infer the type of "tier_prod" variable because the value doesn't have a set type.
          at: GDScript::reload (res://game/scripts/Economy.gd:133)
SCRIPT ERROR: Parse Error: Cannot infer the type of "research_mul" variable because the value doesn't have a set type.
          at: GDScript::reload (res://game/scripts/Economy.gd:140)
SCRIPT ERROR: Parse Error: Cannot infer the type of "tier_cap" variable because the value doesn't have a set type.
          at: GDScript::reload (res://game/scripts/Economy.gd:146)
SCRIPT ERROR: Parse Error: Cannot infer the type of "research_mul" variable because the value doesn't have a set type.
          at: GDScript::reload (res://game/scripts/Economy.gd:147)
SCRIPT ERROR: Parse Error: Cannot infer the type of "cap_hours" variable because the value doesn't have a set type.
          at: GDScript::reload (res://game/scripts/Economy.gd:151)
SCRIPT ERROR: Parse Error: Cannot infer the type of "eff" variable because the value doesn't have a set type.
          at: GDScript::reload (res://game/scripts/Economy.gd:152)
SCRIPT ERROR: Parse Error: Cannot infer the type of "grant" variable because the value doesn't have a set type.
          at: GDScript::reload (res://game/scripts/Economy.gd:155)
SCRIPT ERROR: Parse Error: Static function "info()" not found in base "GDScriptNativeClass".
          at: GDScript::reload (res://game/scripts/Economy.gd:157)
SCRIPT ERROR: Parse Error: Cannot infer the type of "K" variable because the value doesn't have a set type.
          at: GDScript::reload (res://game/scripts/Economy.gd:166)
SCRIPT ERROR: Parse Error: Cannot infer the type of "ALPHA" variable because the value doesn't have a set type.
          at: GDScript::reload (res://game/scripts/Economy.gd:167)
SCRIPT ERROR: Parse Error: Static function "info()" not found in base "GDScriptNativeClass".
          at: GDScript::reload (res://game/scripts/Economy.gd:181)
SCRIPT ERROR: Parse Error: Cannot infer the type of "base_cd" variable because the value doesn't have a set type.
          at: GDScript::reload (res://game/scripts/Economy.gd:189)
SCRIPT ERROR: Parse Error: Cannot infer the type of "auto_tick" variable because the value doesn't have a set type.
          at: GDScript::reload (res://game/scripts/Economy.gd:191)
SCRIPT ERROR: Parse Error: Cannot infer the type of "row" variable because the value doesn't have a set type.
          at: GDScript::reload (res://game/scripts/Economy.gd:214)
SCRIPT ERROR: Parse Error: Cannot infer the type of "row" variable because the value doesn't have a set type.
          at: GDScript::reload (res://game/scripts/Economy.gd:280)
SCRIPT ERROR: Parse Error: Cannot infer the type of "unlocks" variable because the value doesn't have a set type.
          at: GDScript::reload (res://game/scripts/Economy.gd:288)
SCRIPT ERROR: Parse Error: Cannot infer the type of "parts" variable because the value doesn't have a set type.
          at: GDScript::reload (res://game/scripts/Economy.gd:308)
SCRIPT ERROR: Parse Error: The variable type is being inferred from a Variant value, so it will be typed as Variant. (Warning treated as error.)
          at: GDScript::reload (res://game/scripts/Economy.gd:153)
SCRIPT ERROR: Parse Error: The variable type is being inferred from a Variant value, so it will be typed as Variant. (Warning treated as error.)
          at: GDScript::reload (res://game/scripts/Economy.gd:192)
SCRIPT ERROR: Parse Error: The variable type is being inferred from a Variant value, so it will be typed as Variant. (Warning treated as error.)
          at: GDScript::reload (res://game/scripts/Economy.gd:225)
SCRIPT ERROR: Parse Error: The variable type is being inferred from a Variant value, so it will be typed as Variant. (Warning treated as error.)
          at: GDScript::reload (res://game/scripts/Economy.gd:226)
SCRIPT ERROR: Parse Error: The variable type is being inferred from a Variant value, so it will be typed as Variant. (Warning treated as error.)
          at: GDScript::reload (res://game/scripts/Economy.gd:304)
ERROR: Failed to load script "res://game/scripts/Economy.gd" with error "Parse error".
   at: load (modules/gdscript/gdscript.cpp:3041)
SCRIPT ERROR: Parse Error: Unexpected identifier "Logger" in class body.
          at: GDScript::reload (res://game/scripts/Save.gd:94)
ERROR: Failed to load script "res://game/scripts/Save.gd" with error "Parse error".
   at: load (modules/gdscript/gdscript.cpp:3041)
SCRIPT ERROR: Parse Error: Unexpected "?" in source. If you want a ternary operator, use "truthy_value if true_condition else falsy_value".
          at: GDScript::reload (res://game/scripts/Main.gd:174)
ERROR: Failed to load script "res://game/scripts/Main.gd" with error "Parse error".
   at: load (modules/gdscript/gdscript.cpp:3041)
